- Building...

Failed to load feed Rr {
  headers: e {
    normalizedNames: Map(0) {},
    lazyUpdate: null,
    headers: Map(0) {}
  },
  status: 0,
  statusText: 'Unknown Error',
  url: 'http://localhost:8080/api/v1/feed?page=0&size=10',
  ok: false,
  name: 'HttpErrorResponse',
  message: 'Http failure response for http://localhost:8080/api/v1/feed?page=0&size=10: 0 undefined',
  error: TypeError: fetch failed
      at node:internal/deps/undici/undici:12345:11
      at a.invoke (file:///C:/Users/amine/Documents/GitHub/PlantSocial/frontend/.angular/prerender-root/73dd78da-a9cc-47d4-bdd0-e1546be9fabb/polyfills.server.mjs:3:6715)
      at Object.onInvoke (file:///C:/Users/amine/Documents/GitHub/PlantSocial/frontend/.angular/prerender-root/73dd78da-a9cc-47d4-bdd0-e1546be9fabb/chunk-JHOTT7WO.mjs:34:4562)
      at a.invoke (file:///C:/Users/amine/Documents/GitHub/PlantSocial/frontend/.angular/prerender-root/73dd78da-a9cc-47d4-bdd0-e1546be9fabb/polyfills.server.mjs:3:6654)
      at l.run (file:///C:/Users/amine/Documents/GitHub/PlantSocial/frontend/.angular/prerender-root/73dd78da-a9cc-47d4-bdd0-e1546be9fabb/polyfills.server.mjs:3:1985)
      at file:///C:/Users/amine/Documents/GitHub/PlantSocial/frontend/.angular/prerender-root/73dd78da-a9cc-47d4-bdd0-e1546be9fabb/polyfills.server.mjs:4:576
      at a.invokeTask (file:///C:/Users/amine/Documents/GitHub/PlantSocial/frontend/.angular/prerender-root/73dd78da-a9cc-47d4-bdd0-e1546be9fabb/polyfills.server.mjs:3:7341)
      at Object.onInvokeTask (file:///C:/Users/amine/Documents/GitHub/PlantSocial/frontend/.angular/prerender-root/73dd78da-a9cc-47d4-bdd0-e1546be9fabb/chunk-JHOTT7WO.mjs:34:4378)
      at a.invokeTask (file:///C:/Users/amine/Documents/GitHub/PlantSocial/frontend/.angular/prerender-root/73dd78da-a9cc-47d4-bdd0-e1546be9fabb/polyfills.server.mjs:3:7262)
      at l.runTask (file:///C:/Users/amine/Documents/GitHub/PlantSocial/frontend/.angular/prerender-root/73dd78da-a9cc-47d4-bdd0-e1546be9fabb/polyfills.server.mjs:3:2628) {
    cause: AggregateError
        at internalConnectMultiple (node:net:1114:18)
        at afterConnectMultiple (node:net:1667:5) {
      code: 'ECONNREFUSED',
      [errors]: [Array]
    }
  }
}
Failed to load feed Rr {
  headers: e {
    normalizedNames: Map(0) {},
    lazyUpdate: null,
    headers: Map(0) {}
  },
  status: 0,
  statusText: 'Unknown Error',
  url: 'http://localhost:8080/api/v1/feed?page=0&size=10',
  ok: false,
  name: 'HttpErrorResponse',
  message: 'Http failure response for http://localhost:8080/api/v1/feed?page=0&size=10: 0 undefined',
  error: TypeError: fetch failed
      at node:internal/deps/undici/undici:12345:11
      at a.invoke (file:///C:/Users/amine/Documents/GitHub/PlantSocial/frontend/.angular/prerender-root/0a3d74dc-c946-416a-80c6-c4091bab48d9/polyfills.server.mjs:3:6715)
      at Object.onInvoke (file:///C:/Users/amine/Documents/GitHub/PlantSocial/frontend/.angular/prerender-root/0a3d74dc-c946-416a-80c6-c4091bab48d9/chunk-JHOTT7WO.mjs:34:4562)
      at a.invoke (file:///C:/Users/amine/Documents/GitHub/PlantSocial/frontend/.angular/prerender-root/0a3d74dc-c946-416a-80c6-c4091bab48d9/polyfills.server.mjs:3:6654)
      at l.run (file:///C:/Users/amine/Documents/GitHub/PlantSocial/frontend/.angular/prerender-root/0a3d74dc-c946-416a-80c6-c4091bab48d9/polyfills.server.mjs:3:1985)
      at file:///C:/Users/amine/Documents/GitHub/PlantSocial/frontend/.angular/prerender-root/0a3d74dc-c946-416a-80c6-c4091bab48d9/polyfills.server.mjs:4:576
      at a.invokeTask (file:///C:/Users/amine/Documents/GitHub/PlantSocial/frontend/.angular/prerender-root/0a3d74dc-c946-416a-80c6-c4091bab48d9/polyfills.server.mjs:3:7341)
      at Object.onInvokeTask (file:///C:/Users/amine/Documents/GitHub/PlantSocial/frontend/.angular/prerender-root/0a3d74dc-c946-416a-80c6-c4091bab48d9/chunk-JHOTT7WO.mjs:34:4378)
      at a.invokeTask (file:///C:/Users/amine/Documents/GitHub/PlantSocial/frontend/.angular/prerender-root/0a3d74dc-c946-416a-80c6-c4091bab48d9/polyfills.server.mjs:3:7262)
      at l.runTask (file:///C:/Users/amine/Documents/GitHub/PlantSocial/frontend/.angular/prerender-root/0a3d74dc-c946-416a-80c6-c4091bab48d9/polyfills.server.mjs:3:2628) {
    cause: AggregateError
        at internalConnectMultiple (node:net:1114:18)
        at afterConnectMultiple (node:net:1667:5) {
      code: 'ECONNREFUSED',
      [errors]: [Array]
    }
  }
}
Browser bundles        
Initial chunk files     | Names               |  Raw size | Estimated transfer size
styles-VURYELYW.css     | styles              | 520.55 kB |                35.35 kB
main-LN5MLHIC.js        | main                | 494.37 kB |               118.72 kB
polyfills-FFHMD2TL.js   | polyfills           |  33.71 kB |                11.02 kB

                        | Initial total       |   1.02 MB |               165.09 kB


Server bundles         
Initial chunk files     | Names               |  Raw size
server.mjs              | server              |   1.06 MB |                        
chunk-JHOTT7WO.mjs      | -                   | 570.30 kB |                        
polyfills.server.mjs    | polyfills.server    | 262.30 kB |                        
chunk-N5P4PIWY.mjs      | -                   | 178.17 kB |                        
chunk-VVCT4QZE.mjs      | -                   |   2.48 kB |                        
render-utils.server.mjs | render-utils.server |   1.44 kB |                        
main.server.mjs         | main.server         | 149 bytes |                        

Lazy chunk files        | Names               |  Raw size
chunk-QZP2S7SI.mjs      | xhr2                |  11.79 kB |                        

Prerendered 3 static routes.
Output location: C:\Users\amine\Documents\GitHub\PlantSocial\frontend\dist\frontend

Application bundle generation complete. [18.962 seconds]

